<?xml version="1.0" encoding="UTF-8"?>
<testng-results ignored="0" total="1" passed="1" failed="0" skipped="0">
  <reporter-output>
  </reporter-output>
  <suite started-at="2021-06-23T10:43:51 GMT+03:00" name="Default suite" finished-at="2021-06-23T10:44:07 GMT+03:00" duration-ms="15736">
    <groups>
    </groups>
    <test started-at="2021-06-23T10:43:51 GMT+03:00" name="Default test" finished-at="2021-06-23T10:44:07 GMT+03:00" duration-ms="15736">
      <class name="tests.SearchTest">
        <test-method is-config="true" signature="setUp()[pri:0, instance:tests.SearchTest@35aea049]" started-at="2021-06-23T10:43:51 GMT+03:00" name="setUp" finished-at="2021-06-23T10:43:55 GMT+03:00" duration-ms="4609" status="PASS">
          <reporter-output>
          </reporter-output>
        </test-method> <!-- setUp -->
        <test-method signature="get_the_list_of_types_of_a_particular_product()[pri:0, instance:tests.SearchTest@35aea049]" started-at="2021-06-23T10:43:55 GMT+03:00" name="get_the_list_of_types_of_a_particular_product" finished-at="2021-06-23T10:44:07 GMT+03:00" duration-ms="11107" status="PASS">
          <reporter-output>
          </reporter-output>
        </test-method> <!-- get_the_list_of_types_of_a_particular_product -->
        <test-method is-config="true" signature="stopDriver()[pri:0, instance:tests.SearchTest@35aea049]" started-at="2021-06-23T10:44:07 GMT+03:00" name="stopDriver" finished-at="2021-06-23T10:44:07 GMT+03:00" duration-ms="622" status="PASS">
          <reporter-output>
          </reporter-output>
        </test-method> <!-- stopDriver -->
      </class> <!-- tests.SearchTest -->
    </test> <!-- Default test -->
  </suite> <!-- Default suite -->
</testng-results>
